<?xml version="1.0" encoding="UTF-8"?>
<!-- Generated by org.testng.reporters.JUnitReportReporter -->
<testsuite hostname="DESKTOP-H4LHD4U" name="com.automation.Test" tests="1" failures="0" timestamp="15 Apr 2020 09:13:55 GMT" time="0.011" errors="0">
  <testcase name="f" time="0.011" classname="com.automation.Test"/>
</testsuite> <!-- com.automation.Test -->
